[info] Log at : 2024/8/14|14:04:13|GMT+0800

[info] Log at : 2024/8/14|14:36:03|GMT+0800

[info] Log at : 2024/8/14|14:37:08|GMT+0800

[info] Log at : 2024/8/14|16:26:10|GMT+0800

SyntaxError: Expected double-quoted property name in JSON at position 1494 (line 21 column 13)
    at JSON.parse (<anonymous>)
    at F.updateCppProperties (c:\Users\陈永强\.vscode\extensions\cl.keil-assistant-1.7.0\dist\extension.js:1:10911)
    at F.<anonymous> (c:\Users\陈永强\.vscode\extensions\cl.keil-assistant-1.7.0\dist\extension.js:1:12641)
    at Generator.next (<anonymous>)
    at c:\Users\陈永强\.vscode\extensions\cl.keil-assistant-1.7.0\dist\extension.js:1:4542
    at new Promise (<anonymous>)
    at r (c:\Users\陈永强\.vscode\extensions\cl.keil-assistant-1.7.0\dist\extension.js:1:4287)
    at F.load (c:\Users\陈永强\.vscode\extensions\cl.keil-assistant-1.7.0\dist\extension.js:1:11372)
    at w.<anonymous> (c:\Users\陈永强\.vscode\extensions\cl.keil-assistant-1.7.0\dist\extension.js:1:8799)
    at Generator.next (<anonymous>)
    at a (c:\Users\陈永强\.vscode\extensions\cl.keil-assistant-1.7.0\dist\extension.js:1:4344)
    at processTicksAndRejections (node:internal/process/task_queues:95:5)
[info] Log at : 2024/8/14|22:56:28|GMT+0800

[info] Log at : 2024/8/15|00:53:03|GMT+0800

[info] Log at : 2024/8/15|14:20:31|GMT+0800

[info] Log at : 2024/8/24|21:23:49|GMT+0800

[info] project closed: Freertos_01
[info] Log at : 2024/8/25|14:18:27|GMT+0800

[info] Log at : 2024/8/25|14:18:36|GMT+0800

